[      43ms] TypeError: Cannot read properties of undefined (reading 'enabled')
    at Ir (http://localhost:7878/assets/index-Bs3d7Lzd.js:11:50046)
    at Eo (http://localhost:7878/assets/index-Bs3d7Lzd.js:8:47530)
    at _c (http://localhost:7878/assets/index-Bs3d7Lzd.js:8:69979)
    at Pc (http://localhost:7878/assets/index-Bs3d7Lzd.js:8:80242)
    at Mu (http://localhost:7878/assets/index-Bs3d7Lzd.js:8:115583)
    at ku (http://localhost:7878/assets/index-Bs3d7Lzd.js:8:114667)
    at Ou (http://localhost:7878/assets/index-Bs3d7Lzd.js:8:114506)
    at gu (http://localhost:7878/assets/index-Bs3d7Lzd.js:8:111378)
    at cd (http://localhost:7878/assets/index-Bs3d7Lzd.js:8:122887)
    at MessagePort.ne (http://localhost:7878/assets/index-Bs3d7Lzd.js:1:10278)
[   19487ms] TypeError: Cannot read properties of undefined (reading 'enabled')
    at Ir (http://localhost:7878/assets/index-Bs3d7Lzd.js:11:50046)
    at Eo (http://localhost:7878/assets/index-Bs3d7Lzd.js:8:47530)
    at _c (http://localhost:7878/assets/index-Bs3d7Lzd.js:8:69979)
    at Pc (http://localhost:7878/assets/index-Bs3d7Lzd.js:8:80242)
    at Mu (http://localhost:7878/assets/index-Bs3d7Lzd.js:8:115583)
    at ku (http://localhost:7878/assets/index-Bs3d7Lzd.js:8:114667)
    at Ou (http://localhost:7878/assets/index-Bs3d7Lzd.js:8:114506)
    at gu (http://localhost:7878/assets/index-Bs3d7Lzd.js:8:111378)
    at cd (http://localhost:7878/assets/index-Bs3d7Lzd.js:8:122887)
    at MessagePort.ne (http://localhost:7878/assets/index-Bs3d7Lzd.js:1:10278)
[   20944ms] TypeError: Cannot read properties of undefined (reading 'enabled')
    at Ir (http://localhost:7878/assets/index-Bs3d7Lzd.js:11:50046)
    at Eo (http://localhost:7878/assets/index-Bs3d7Lzd.js:8:47530)
    at _c (http://localhost:7878/assets/index-Bs3d7Lzd.js:8:69979)
    at Pc (http://localhost:7878/assets/index-Bs3d7Lzd.js:8:80242)
    at Mu (http://localhost:7878/assets/index-Bs3d7Lzd.js:8:115583)
    at ku (http://localhost:7878/assets/index-Bs3d7Lzd.js:8:114667)
    at Ou (http://localhost:7878/assets/index-Bs3d7Lzd.js:8:114506)
    at gu (http://localhost:7878/assets/index-Bs3d7Lzd.js:8:111378)
    at cd (http://localhost:7878/assets/index-Bs3d7Lzd.js:8:122887)
    at MessagePort.ne (http://localhost:7878/assets/index-Bs3d7Lzd.js:1:10278)
